#
# A fatal error has been detected by the Java Runtime Environment:
#
#  EXCEPTION_ACCESS_VIOLATION (0xc0000005) at pc=0x0000000058a89d32, pid=6292, tid=0x0000000000000f58
#
# JRE version: OpenJDK Runtime Environment (8.0_76-b03) (build 1.8.0_76-release-b03)
# Java VM: OpenJDK 64-Bit Server VM (25.76-b03 mixed mode windows-amd64 compressed oops)
# Problematic frame:
# V  [jvm.dll+0x89d32]
#
# Failed to write core dump. Minidumps are not enabled by default on client versions of Windows
#
# If you would like to submit a bug report, please visit:
#   http://bugreport.java.com/bugreport/crash.jsp
#

---------------  T H R E A D  ---------------

Current thread (0x00000000024dc000):  GCTaskThread [stack: 0x0000000003330000,0x0000000003430000] [id=3928]

siginfo: ExceptionCode=0xc0000005, reading address 0x00000000000000e8

Registers:
RAX=0x0000000000000000, RBX=0x00000000a35458a0, RCX=0x000000013f4b5cb8, RDX=0x00000000a35458a0
RSP=0x000000000342f998, RBP=0x00000000074c4830, RSI=0x00000000a354521c, RDI=0x00000000a35458a0
R8 =0x0000000000000000, R9 =0x000000013f4b5cb8, R10=0x000000000000b48f, R11=0x00000000a35458e0
R12=0x00000000a35452c0, R13=0x0000000000000040, R14=0x00000000a35451b0, R15=0x0000000000000040
RIP=0x0000000058a89d32, EFLAGS=0x0000000000010246

Top of Stack: (sp=0x000000000342f998)
0x000000000342f998:   0000000058ae4867 00000000a35458e0
0x000000000342f9a8:   00000000074c4830 00000000a3545218
0x000000000342f9b8:   0000000000000004 00000000a35458a0
0x000000000342f9c8:   0000000058b13aea 000000000000b486
0x000000000342f9d8:   0000000058aee0d6 00000000a35451b0
0x000000000342f9e8:   00000000a35451ac 00000000074c4830
0x000000000342f9f8:   0000000058b13bf3 0000000000000000
0x000000000342fa08:   00000000000003d8 00000000024dc8d8
0x000000000342fa18:   00000000074555d0 000000000000b486
0x000000000342fa28:   0000000058dbeb00 00000000074c4830
0x000000000342fa38:   00000000024dab70 00000000024dc500
0x000000000342fa48:   00000000024dc500 0000000000000000
0x000000000342fa58:   03030000fffffcff 0303030303030303
0x000000000342fa68:   0000030303030303 0000000000000000
0x000000000342fa78:   000000000ad97800 0000000000000001
0x000000000342fa88:   00029b3a00018601 00001c425f816e66 

Instructions: (pc=0x0000000058a89d32)
0x0000000058a89d12:   e2 49 8d 0c 11 49 f7 d1 48 03 c1 49 c1 e9 03 48
0x0000000058a89d22:   c1 e8 03 41 23 c1 c3 48 8b 02 48 8b d1 49 8b c9
0x0000000058a89d32:   48 ff a0 e8 00 00 00 cc cc cc cc cc cc cc 80 3d
0x0000000058a89d42:   5a 5f 72 00 00 48 8b c1 74 1b 8b 51 08 8b 0d fb 


Register to memory mapping:

RAX=0x0000000000000000 is an unknown value
RBX=
[error occurred during error reporting (printing register info), id 0xc0000005]

Stack: [0x0000000003330000,0x0000000003430000],  sp=0x000000000342f998,  free space=1022k
Native frames: (J=compiled Java code, j=interpreted, Vv=VM code, C=native code)
V  [jvm.dll+0x89d32]


---------------  P R O C E S S  ---------------

Java Threads: ( => current thread )
  0x000000000ad98800 JavaThread "pool-33-thread-4" [_thread_blocked, id=1064, stack(0x0000000022c90000,0x0000000022d90000)]
  0x000000000ad97800 JavaThread "pool-33-thread-3" [_thread_blocked, id=5428, stack(0x0000000027230000,0x0000000027330000)]
  0x000000000ad96000 JavaThread "pool-33-thread-2" [_thread_blocked, id=8348, stack(0x0000000027060000,0x0000000027160000)]
  0x000000000ad97000 JavaThread "pool-34-thread-1" [_thread_blocked, id=8268, stack(0x0000000024f20000,0x0000000025020000)]
  0x000000000ad95800 JavaThread "pool-33-thread-1" [_thread_blocked, id=9156, stack(0x000000000ef00000,0x000000000f000000)]
  0x000000000d94a800 JavaThread "Stdin handler" [_thread_blocked, id=960, stack(0x0000000023950000,0x0000000023a50000)]
  0x000000000d951000 JavaThread "Asynchronous log dispatcher for org.gradle.launcher.daemon.server.DefaultDaemonConnection@4f8e6d99" [_thread_blocked, id=8584, stack(0x0000000024dd0000,0x0000000024ed0000)]
  0x000000000d94e000 JavaThread "Daemon worker Thread 10" [_thread_blocked, id=8728, stack(0x000000000bfb0000,0x000000000c0b0000)]
  0x000000000d950800 JavaThread "Cancel handler" [_thread_blocked, id=7728, stack(0x000000000be10000,0x000000000bf10000)]
  0x000000000d94f800 JavaThread "Handler for socket connection from /127.0.0.1:62525 to /127.0.0.1:63412" [_thread_in_native, id=8948, stack(0x000000000b8d0000,0x000000000b9d0000)]
  0x000000000d94d800 JavaThread "Daemon Thread 10" [_thread_blocked, id=2120, stack(0x000000000b3b0000,0x000000000b4b0000)]
  0x000000000df84000 JavaThread "pool-11-thread-4" [_thread_blocked, id=6256, stack(0x0000000020080000,0x0000000020180000)]
  0x000000000c5a2800 JavaThread "pool-11-thread-3" [_thread_blocked, id=3896, stack(0x0000000024ca0000,0x0000000024da0000)]
  0x000000000df7e800 JavaThread "pool-11-thread-2" [_thread_blocked, id=1888, stack(0x00000000237e0000,0x00000000238e0000)]
  0x000000001ef25800 JavaThread "pool-11-thread-1" [_thread_blocked, id=6776, stack(0x0000000024360000,0x0000000024460000)]
  0x000000000d94c000 JavaThread "pool-2-thread-1" [_thread_blocked, id=5292, stack(0x0000000020400000,0x0000000020500000)]
  0x000000000c683800 JavaThread "File lock request listener" [_thread_in_native, id=6380, stack(0x000000000b5c0000,0x000000000b6c0000)]
  0x000000000a2d4800 JavaThread "pool-1-thread-1" [_thread_blocked, id=436, stack(0x000000000b4b0000,0x000000000b5b0000)]
  0x000000000a61a800 JavaThread "Incoming local TCP Connector on port 62525" [_thread_in_native, id=7856, stack(0x00000000090d0000,0x00000000091d0000)]
  0x0000000008a19000 JavaThread "Service Thread" daemon [_thread_blocked, id=5568, stack(0x00000000095d0000,0x00000000096d0000)]
  0x000000000899a000 JavaThread "C1 CompilerThread2" daemon [_thread_blocked, id=912, stack(0x0000000009450000,0x0000000009550000)]
  0x0000000008998800 JavaThread "C2 CompilerThread1" daemon [_thread_blocked, id=5060, stack(0x0000000009260000,0x0000000009360000)]
  0x00000000075de000 JavaThread "C2 CompilerThread0" daemon [_thread_blocked, id=5804, stack(0x00000000083e0000,0x00000000084e0000)]
  0x00000000075da800 JavaThread "Attach Listener" daemon [_thread_blocked, id=6092, stack(0x0000000008f80000,0x0000000009080000)]
  0x000000000898b800 JavaThread "Signal Dispatcher" daemon [_thread_blocked, id=4248, stack(0x0000000008e50000,0x0000000008f50000)]
  0x00000000075b6800 JavaThread "Finalizer" daemon [_thread_blocked, id=5300, stack(0x0000000008880000,0x0000000008980000)]
  0x000000000756f800 JavaThread "Reference Handler" daemon [_thread_blocked, id=288, stack(0x0000000008680000,0x0000000008780000)]
  0x000000000267d800 JavaThread "main" [_thread_blocked, id=6976, stack(0x0000000002800000,0x0000000002900000)]

Other Threads:
  0x0000000007568000 VMThread [stack: 0x0000000008510000,0x0000000008610000] [id=3556]
  0x0000000008a1a000 WatcherThread [stack: 0x0000000009710000,0x0000000009810000] [id=6712]

=>0x00000000024dc000 (exited) GCTaskThread [stack: 0x0000000003330000,0x0000000003430000] [id=3928]

VM state:at safepoint (normal execution)

VM Mutex/Monitor currently owned by a thread:  ([mutex/lock_event])
[0x000000000267be30] Threads_lock - owner thread: 0x0000000007568000
[0x000000000267c330] Heap_lock - owner thread: 0x000000000ad98800

Heap:
 PSYoungGen      total 443904K, used 52120K [0x00000000e0000000, 0x0000000100000000, 0x0000000100000000)
  eden space 364032K, 0% used [0x00000000e0000000,0x00000000e0000000,0x00000000f6380000)
  from space 79872K, 65% used [0x00000000f6380000,0x00000000f96660a0,0x00000000fb180000)
  to   space 79872K, 0% used [0x00000000fb200000,0x00000000fb200000,0x0000000100000000)
 ParOldGen       total 824832K, used 788734K [0x00000000a0000000, 0x00000000d2580000, 0x00000000e0000000)
  object space 824832K, 95% used [0x00000000a0000000,0x00000000d023fba8,0x00000000d2580000)
 Metaspace       used 81735K, capacity 85244K, committed 86064K, reserved 1124352K
  class space    used 9990K, capacity 10563K, committed 10800K, reserved 1048576K

Card table byte_map: [0x0000000002cc0000,0x0000000002fd0000] byte_map_base: 0x00000000027c0000

Marking Bits: (ParMarkBitMap*) 0x00000000591b9d00
 Begin Bits: [0x00000000038e0000, 0x00000000050e0000)
 End Bits:   [0x00000000050e0000, 0x00000000068e0000)

Polling page: 0x0000000000130000

CodeCache: size=245760Kb used=79019Kb max_used=79103Kb free=166740Kb
 bounds [0x000000000f010000, 0x0000000013dd0000, 0x000000001e010000]
 total_blobs=20772 nmethods=19963 adapters=720
 compilation: enabled

Compilation events (10 events):
Event: 15127.721 Thread 0x000000000899a000 30666       3       com.android.dx.rop.cst.CstByte::<init> (6 bytes)
Event: 15127.721 Thread 0x000000000899a000 nmethod 30666 0x0000000013d70790 code [0x0000000013d70900, 0x0000000013d70c30]
Event: 15128.093 Thread 0x00000000075de000 30667  s    4       com.google.common.io.FileBackedOutputStream::write (16 bytes)
Event: 15128.113 Thread 0x00000000075de000 nmethod 30667 0x0000000013db9810 code [0x0000000013db9a40, 0x0000000013dbb050]
Event: 15128.334 Thread 0x0000000008998800 30668       4       java.util.concurrent.ThreadPoolExecutor::reject (12 bytes)
Event: 15128.337 Thread 0x0000000008998800 nmethod 30668 0x0000000010c93a10 code [0x0000000010c93ba0, 0x0000000010c93f28]
Event: 15128.355 Thread 0x000000000899a000 30669       3       com.android.dx.cf.code.BytecodeArray$ConstantParserVisitor::visitNoArgs (5 bytes)
Event: 15128.355 Thread 0x000000000899a000 nmethod 30669 0x0000000010858a10 code [0x0000000010858b60, 0x0000000010858d10]
Event: 15128.385 Thread 0x00000000075de000 30670 % !   4       java.util.concurrent.ThreadPoolExecutor::runWorker @ 21 (225 bytes)
Event: 15128.404 Thread 0x00000000075de000 nmethod 30670% 0x0000000010086150 code [0x0000000010086380, 0x00000000100873e8]

GC Heap History (10 events):
Event: 15127.616 GC heap after
Heap after GC invocations=280 (full 27):
 PSYoungGen      total 420864K, used 37465K [0x00000000e0000000, 0x00000000ffd80000, 0x0000000100000000)
  eden space 332288K, 0% used [0x00000000e0000000,0x00000000e0000000,0x00000000f4480000)
  from space 88576K, 42% used [0x00000000f4480000,0x00000000f69164e0,0x00000000f9b00000)
  to   space 84480K, 0% used [0x00000000fab00000,0x00000000fab00000,0x00000000ffd80000)
 ParOldGen       total 824832K, used 615525K [0x00000000a0000000, 0x00000000d2580000, 0x00000000e0000000)
  object space 824832K, 74% used [0x00000000a0000000,0x00000000c5919630,0x00000000d2580000)
 Metaspace       used 81734K, capacity 85244K, committed 86064K, reserved 1124352K
  class space    used 9990K, capacity 10563K, committed 10800K, reserved 1048576K
}
Event: 15127.774 GC heap before
{Heap before GC invocations=281 (full 27):
 PSYoungGen      total 420864K, used 369753K [0x00000000e0000000, 0x00000000ffd80000, 0x0000000100000000)
  eden space 332288K, 100% used [0x00000000e0000000,0x00000000f4480000,0x00000000f4480000)
  from space 88576K, 42% used [0x00000000f4480000,0x00000000f69164e0,0x00000000f9b00000)
  to   space 84480K, 0% used [0x00000000fab00000,0x00000000fab00000,0x00000000ffd80000)
 ParOldGen       total 824832K, used 615525K [0x00000000a0000000, 0x00000000d2580000, 0x00000000e0000000)
  object space 824832K, 74% used [0x00000000a0000000,0x00000000c5919630,0x00000000d2580000)
 Metaspace       used 81735K, capacity 85244K, committed 86064K, reserved 1124352K
  class space    used 9990K, capacity 10563K, committed 10800K, reserved 1048576K
Event: 15127.827 GC heap after
Heap after GC invocations=281 (full 27):
 PSYoungGen      total 425984K, used 40428K [0x00000000e0000000, 0x00000000ff400000, 0x0000000100000000)
  eden space 351232K, 0% used [0x00000000e0000000,0x00000000e0000000,0x00000000f5700000)
  from space 74752K, 54% used [0x00000000fab00000,0x00000000fd27b3e0,0x00000000ff400000)
  to   space 80384K, 0% used [0x00000000f5700000,0x00000000f5700000,0x00000000fa580000)
 ParOldGen       total 824832K, used 651873K [0x00000000a0000000, 0x00000000d2580000, 0x00000000e0000000)
  object space 824832K, 79% used [0x00000000a0000000,0x00000000c7c98540,0x00000000d2580000)
 Metaspace       used 81735K, capacity 85244K, committed 86064K, reserved 1124352K
  class space    used 9990K, capacity 10563K, committed 10800K, reserved 1048576K
}
Event: 15127.975 GC heap before
{Heap before GC invocations=282 (full 27):
 PSYoungGen      total 425984K, used 391660K [0x00000000e0000000, 0x00000000ff400000, 0x0000000100000000)
  eden space 351232K, 100% used [0x00000000e0000000,0x00000000f5700000,0x00000000f5700000)
  from space 74752K, 54% used [0x00000000fab00000,0x00000000fd27b3e0,0x00000000ff400000)
  to   space 80384K, 0% used [0x00000000f5700000,0x00000000f5700000,0x00000000fa580000)
 ParOldGen       total 824832K, used 651873K [0x00000000a0000000, 0x00000000d2580000, 0x00000000e0000000)
  object space 824832K, 79% used [0x00000000a0000000,0x00000000c7c98540,0x00000000d2580000)
 Metaspace       used 81735K, capacity 85244K, committed 86064K, reserved 1124352K
  class space    used 9990K, capacity 10563K, committed 10800K, reserved 1048576K
Event: 15128.034 GC heap after
Heap after GC invocations=282 (full 27):
 PSYoungGen      total 431616K, used 49516K [0x00000000e0000000, 0x0000000100000000, 0x0000000100000000)
  eden space 351232K, 0% used [0x00000000e0000000,0x00000000e0000000,0x00000000f5700000)
  from space 80384K, 61% used [0x00000000f5700000,0x00000000f875b1f8,0x00000000fa580000)
  to   space 79872K, 0% used [0x00000000fb200000,0x00000000fb200000,0x0000000100000000)
 ParOldGen       total 824832K, used 690416K [0x00000000a0000000, 0x00000000d2580000, 0x00000000e0000000)
  object space 824832K, 83% used [0x00000000a0000000,0x00000000ca23c3d8,0x00000000d2580000)
 Metaspace       used 81735K, capacity 85244K, committed 86064K, reserved 1124352K
  class space    used 9990K, capacity 10563K, committed 10800K, reserved 1048576K
}
Event: 15128.192 GC heap before
{Heap before GC invocations=283 (full 27):
 PSYoungGen      total 431616K, used 400748K [0x00000000e0000000, 0x0000000100000000, 0x0000000100000000)
  eden space 351232K, 100% used [0x00000000e0000000,0x00000000f5700000,0x00000000f5700000)
  from space 80384K, 61% used [0x00000000f5700000,0x00000000f875b1f8,0x00000000fa580000)
  to   space 79872K, 0% used [0x00000000fb200000,0x00000000fb200000,0x0000000100000000)
 ParOldGen       total 824832K, used 690416K [0x00000000a0000000, 0x00000000d2580000, 0x00000000e0000000)
  object space 824832K, 83% used [0x00000000a0000000,0x00000000ca23c3d8,0x00000000d2580000)
 Metaspace       used 81735K, capacity 85244K, committed 86064K, reserved 1124352K
  class space    used 9990K, capacity 10563K, committed 10800K, reserved 1048576K
Event: 15128.261 GC heap after
Heap after GC invocations=283 (full 27):
 PSYoungGen      total 443392K, used 51780K [0x00000000e0000000, 0x00000000fff80000, 0x0000000100000000)
  eden space 364032K, 0% used [0x00000000e0000000,0x00000000e0000000,0x00000000f6380000)
  from space 79360K, 65% used [0x00000000fb200000,0x00000000fe491050,0x00000000fff80000)
  to   space 79872K, 0% used [0x00000000f6380000,0x00000000f6380000,0x00000000fb180000)
 ParOldGen       total 824832K, used 738748K [0x00000000a0000000, 0x00000000d2580000, 0x00000000e0000000)
  object space 824832K, 89% used [0x00000000a0000000,0x00000000cd16f010,0x00000000d2580000)
 Metaspace       used 81735K, capacity 85244K, committed 86064K, reserved 1124352K
  class space    used 9990K, capacity 10563K, committed 10800K, reserved 1048576K
}
Event: 15128.429 GC heap before
{Heap before GC invocations=284 (full 27):
 PSYoungGen      total 443392K, used 415812K [0x00000000e0000000, 0x00000000fff80000, 0x0000000100000000)
  eden space 364032K, 100% used [0x00000000e0000000,0x00000000f6380000,0x00000000f6380000)
  from space 79360K, 65% used [0x00000000fb200000,0x00000000fe491050,0x00000000fff80000)
  to   space 79872K, 0% used [0x00000000f6380000,0x00000000f6380000,0x00000000fb180000)
 ParOldGen       total 824832K, used 738748K [0x00000000a0000000, 0x00000000d2580000, 0x00000000e0000000)
  object space 824832K, 89% used [0x00000000a0000000,0x00000000cd16f010,0x00000000d2580000)
 Metaspace       used 81735K, capacity 85244K, committed 86064K, reserved 1124352K
  class space    used 9990K, capacity 10563K, committed 10800K, reserved 1048576K
Event: 15128.502 GC heap after
Heap after GC invocations=284 (full 27):
 PSYoungGen      total 443904K, used 52120K [0x00000000e0000000, 0x0000000100000000, 0x0000000100000000)
  eden space 364032K, 0% used [0x00000000e0000000,0x00000000e0000000,0x00000000f6380000)
  from space 79872K, 65% used [0x00000000f6380000,0x00000000f96660a0,0x00000000fb180000)
  to   space 79872K, 0% used [0x00000000fb200000,0x00000000fb200000,0x0000000100000000)
 ParOldGen       total 824832K, used 788734K [0x00000000a0000000, 0x00000000d2580000, 0x00000000e0000000)
  object space 824832K, 95% used [0x00000000a0000000,0x00000000d023fba8,0x00000000d2580000)
 Metaspace       used 81735K, capacity 85244K, committed 86064K, reserved 1124352K
  class space    used 9990K, capacity 10563K, committed 10800K, reserved 1048576K
}
Event: 15128.502 GC heap before
{Heap before GC invocations=285 (full 28):
 PSYoungGen      total 443904K, used 52120K [0x00000000e0000000, 0x0000000100000000, 0x0000000100000000)
  eden space 364032K, 0% used [0x00000000e0000000,0x00000000e0000000,0x00000000f6380000)
  from space 79872K, 65% used [0x00000000f6380000,0x00000000f96660a0,0x00000000fb180000)
  to   space 79872K, 0% used [0x00000000fb200000,0x00000000fb200000,0x0000000100000000)
 ParOldGen       total 824832K, used 788734K [0x00000000a0000000, 0x00000000d2580000, 0x00000000e0000000)
  object space 824832K, 95% used [0x00000000a0000000,0x00000000d023fba8,0x00000000d2580000)
 Metaspace       used 81735K, capacity 85244K, committed 86064K, reserved 1124352K
  class space    used 9990K, capacity 10563K, committed 10800K, reserved 1048576K

Deoptimization events (10 events):
Event: 8040.824 Thread 0x000000000d94f800 Uncommon trap: reason=bimorphic action=maybe_recompile pc=0x0000000011161834 method=proguard.classfile.constant.ClassConstant.accept(Lproguard/classfile/Clazz;Lproguard/classfile/constant/visitor/ConstantVisitor;)V @ 3
Event: 8040.825 Thread 0x000000000d94f800 Uncommon trap: reason=bimorphic action=maybe_recompile pc=0x0000000011161834 method=proguard.classfile.constant.ClassConstant.accept(Lproguard/classfile/Clazz;Lproguard/classfile/constant/visitor/ConstantVisitor;)V @ 3
Event: 8040.825 Thread 0x000000000d94f800 Uncommon trap: reason=bimorphic action=maybe_recompile pc=0x0000000011161834 method=proguard.classfile.constant.ClassConstant.accept(Lproguard/classfile/Clazz;Lproguard/classfile/constant/visitor/ConstantVisitor;)V @ 3
Event: 8040.833 Thread 0x000000000d94f800 Uncommon trap: reason=array_check action=maybe_recompile pc=0x00000000139887fc method=java.util.ComparableTimSort.mergeLo(IIII)V @ 465
Event: 8040.834 Thread 0x000000000d94f800 Uncommon trap: reason=array_check action=maybe_recompile pc=0x00000000139887fc method=java.util.ComparableTimSort.mergeLo(IIII)V @ 465
Event: 8040.835 Thread 0x000000000d94f800 Uncommon trap: reason=array_check action=maybe_recompile pc=0x000000001035d448 method=java.util.ComparableTimSort.mergeLo(IIII)V @ 465
Event: 8042.596 Thread 0x000000001ef25800 Uncommon trap: reason=unstable_if action=reinterpret pc=0x000000000fd3d78c method=java.lang.ref.SoftReference.get()Ljava/lang/Object; @ 6
Event: 8049.522 Thread 0x000000001ef27800 Uncommon trap: reason=class_check action=maybe_recompile pc=0x0000000011871d58 method=com.android.dx.dex.file.UniformListItem.writeSize(Ljava/util/List;)I @ 7
Event: 8051.293 Thread 0x000000000ca6a000 Uncommon trap: reason=class_check action=maybe_recompile pc=0x0000000011871d58 method=com.android.dx.dex.file.UniformListItem.writeSize(Ljava/util/List;)I @ 7
Event: 15119.268 Thread 0x000000000d94e000 Uncommon trap: reason=bimorphic action=maybe_recompile pc=0x000000001356c6b0 method=com.sun.tools.javac.jvm.Gen.visitSelect(Lcom/sun/tools/javac/tree/JCTree$JCFieldAccess;)V @ 203

Internal exceptions (10 events):
Event: 15114.289 Thread 0x000000000d94e000 Exception <a 'sun/nio/fs/WindowsException'> (0x00000000e63ad758) thrown at [C:\src\android\AOSP-openjdk\external\jetbrains\jdk\hotspot\src\share\vm\prims\jni.cpp, line 709]
Event: 15114.289 Thread 0x000000000d94e000 Exception <a 'sun/nio/fs/WindowsException'> (0x00000000e63ae3c8) thrown at [C:\src\android\AOSP-openjdk\external\jetbrains\jdk\hotspot\src\share\vm\prims\jni.cpp, line 709]
Event: 15114.289 Thread 0x000000000d94e000 Exception <a 'sun/nio/fs/WindowsException'> (0x00000000e63b0e80) thrown at [C:\src\android\AOSP-openjdk\external\jetbrains\jdk\hotspot\src\share\vm\prims\jni.cpp, line 709]
Event: 15114.289 Thread 0x000000000d94e000 Exception <a 'sun/nio/fs/WindowsException'> (0x00000000e63b1b28) thrown at [C:\src\android\AOSP-openjdk\external\jetbrains\jdk\hotspot\src\share\vm\prims\jni.cpp, line 709]
Event: 15114.289 Thread 0x000000000d94e000 Exception <a 'sun/nio/fs/WindowsException'> (0x00000000e63b3808) thrown at [C:\src\android\AOSP-openjdk\external\jetbrains\jdk\hotspot\src\share\vm\prims\jni.cpp, line 709]
Event: 15114.289 Thread 0x000000000d94e000 Exception <a 'sun/nio/fs/WindowsException'> (0x00000000e63b44f0) thrown at [C:\src\android\AOSP-openjdk\external\jetbrains\jdk\hotspot\src\share\vm\prims\jni.cpp, line 709]
Event: 15114.290 Thread 0x000000000d94e000 Exception <a 'sun/nio/fs/WindowsException'> (0x00000000e63b70a0) thrown at [C:\src\android\AOSP-openjdk\external\jetbrains\jdk\hotspot\src\share\vm\prims\jni.cpp, line 709]
Event: 15114.290 Thread 0x000000000d94e000 Exception <a 'sun/nio/fs/WindowsException'> (0x00000000e63b7d70) thrown at [C:\src\android\AOSP-openjdk\external\jetbrains\jdk\hotspot\src\share\vm\prims\jni.cpp, line 709]
Event: 15114.290 Thread 0x000000000d94e000 Exception <a 'sun/nio/fs/WindowsException'> (0x00000000e63b9a78) thrown at [C:\src\android\AOSP-openjdk\external\jetbrains\jdk\hotspot\src\share\vm\prims\jni.cpp, line 709]
Event: 15114.290 Thread 0x000000000d94e000 Exception <a 'sun/nio/fs/WindowsException'> (0x00000000e63ba788) thrown at [C:\src\android\AOSP-openjdk\external\jetbrains\jdk\hotspot\src\share\vm\prims\jni.cpp, line 709]

Events (10 events):
Event: 15127.684 Executing VM operation: RevokeBias
Event: 15127.684 Executing VM operation: RevokeBias done
Event: 15127.773 Executing VM operation: ParallelGCFailedAllocation
Event: 15127.827 Executing VM operation: ParallelGCFailedAllocation done
Event: 15127.975 Executing VM operation: ParallelGCFailedAllocation
Event: 15128.034 Executing VM operation: ParallelGCFailedAllocation done
Event: 15128.192 Executing VM operation: ParallelGCFailedAllocation
Event: 15128.261 Executing VM operation: ParallelGCFailedAllocation done
Event: 15128.406 Thread 0x00000000075de000 flushing nmethod 0x0000000012fb8dd0
Event: 15128.429 Executing VM operation: ParallelGCFailedAllocation


Dynamic libraries:
0x000000013f280000 - 0x000000013f2b1000 	D:\Program Files\Android\Android Studio\jre\bin\java.exe
0x0000000077420000 - 0x00000000775ca000 	C:\windows\SYSTEM32\ntdll.dll
0x0000000077300000 - 0x000000007741f000 	C:\windows\system32\kernel32.dll
0x000007fefdb50000 - 0x000007fefdbba000 	C:\windows\system32\KERNELBASE.dll
0x000007fefded0000 - 0x000007fefdfab000 	C:\windows\system32\ADVAPI32.dll
0x000007fefe460000 - 0x000007fefe4ff000 	C:\windows\system32\msvcrt.dll
0x000007fefe260000 - 0x000007fefe27f000 	C:\windows\SYSTEM32\sechost.dll
0x000007fefe610000 - 0x000007fefe73d000 	C:\windows\system32\RPCRT4.dll
0x0000000076fe0000 - 0x00000000770da000 	C:\windows\system32\USER32.dll
0x000007fefdcb0000 - 0x000007fefdd17000 	C:\windows\system32\GDI32.dll
0x000007fefe310000 - 0x000007fefe31e000 	C:\windows\system32\LPK.dll
0x000007fefdd20000 - 0x000007fefddeb000 	C:\windows\system32\USP10.dll
0x000007fefbeb0000 - 0x000007fefc0a4000 	C:\windows\WinSxS\amd64_microsoft.windows.common-controls_6595b64144ccf1df_6.0.7601.18837_none_fa3b1e3d17594757\COMCTL32.dll
0x000007fefe280000 - 0x000007fefe2f1000 	C:\windows\system32\SHLWAPI.dll
0x000007fefdfb0000 - 0x000007fefdfde000 	C:\windows\system32\IMM32.DLL
0x000007fefe500000 - 0x000007fefe609000 	C:\windows\system32\MSCTF.dll
0x000007fefd840000 - 0x000007fefd886000 	C:\Windows\system32\nvinitx.dll
0x000000000f000000 - 0x000000000f006000 	C:\Program Files\NVIDIA Corporation\CoProcManager\_etoured.dll
0x000007fefaad0000 - 0x000007fefab25000 	C:\Program Files\NVIDIA Corporation\CoProcManager\nvd3d9wrapx.dll
0x000007fefe7c0000 - 0x000007fefe997000 	C:\windows\system32\SETUPAPI.dll
0x000007fefdc20000 - 0x000007fefdc56000 	C:\windows\system32\CFGMGR32.dll
0x000007fefddf0000 - 0x000007fefdeca000 	C:\windows\system32\OLEAUT32.dll
0x000007fefe060000 - 0x000007fefe25c000 	C:\windows\system32\ole32.dll
0x000007fefdc00000 - 0x000007fefdc1a000 	C:\windows\system32\DEVOBJ.dll
0x000007fefaa90000 - 0x000007fefaacd000 	C:\Program Files\NVIDIA Corporation\CoProcManager\nvdxgiwrapx.dll
0x0000000068910000 - 0x00000000689e2000 	D:\Program Files\Android\Android Studio\jre\jre\bin\msvcr100.dll
0x0000000058a00000 - 0x0000000059234000 	D:\Program Files\Android\Android Studio\jre\jre\bin\server\jvm.dll
0x000007fef2af0000 - 0x000007fef2af9000 	C:\windows\system32\WSOCK32.dll
0x000007fefdc60000 - 0x000007fefdcad000 	C:\windows\system32\WS2_32.dll
0x000007fefe300000 - 0x000007fefe308000 	C:\windows\system32\NSI.dll
0x000007fefb5d0000 - 0x000007fefb60b000 	C:\windows\system32\WINMM.dll
0x000007fefc940000 - 0x000007fefc94c000 	C:\windows\system32\VERSION.dll
0x00000000775f0000 - 0x00000000775f7000 	C:\windows\system32\PSAPI.DLL
0x000007fefc5a0000 - 0x000007fefc5af000 	D:\Program Files\Android\Android Studio\jre\jre\bin\verify.dll
0x000007fef2670000 - 0x000007fef2699000 	D:\Program Files\Android\Android Studio\jre\jre\bin\java.dll
0x000007fefb200000 - 0x000007fefb216000 	D:\Program Files\Android\Android Studio\jre\jre\bin\zip.dll
0x000007fefe9a0000 - 0x000007feff72b000 	C:\windows\system32\SHELL32.dll
0x000007fefd890000 - 0x000007fefd89f000 	C:\windows\system32\profapi.dll
0x000007fef7740000 - 0x000007fef775a000 	D:\Program Files\Android\Android Studio\jre\jre\bin\net.dll
0x000007fefd030000 - 0x000007fefd085000 	C:\windows\system32\mswsock.dll
0x000007fefd020000 - 0x000007fefd027000 	C:\windows\System32\wship6.dll
0x000007fef7690000 - 0x000007fef76a1000 	D:\Program Files\Android\Android Studio\jre\jre\bin\nio.dll
0x000007fef25e0000 - 0x000007fef25f2000 	C:\Users\Administrator\.gradle\native\19\windows-amd64\native-platform.dll
0x000007fefd090000 - 0x000007fefd0a8000 	C:\windows\system32\CRYPTSP.dll
0x000007fefcd90000 - 0x000007fefcdd7000 	C:\windows\system32\rsaenh.dll
0x000007fefcb40000 - 0x000007fefcb5e000 	C:\windows\system32\USERENV.dll
0x000007fefd770000 - 0x000007fefd77f000 	C:\windows\system32\CRYPTBASE.dll
0x000007fefb050000 - 0x000007fefb077000 	C:\windows\system32\IPHLPAPI.DLL
0x000007fefb030000 - 0x000007fefb03b000 	C:\windows\system32\WINNSI.DLL
0x000007fef9db0000 - 0x000007fef9dc1000 	C:\windows\system32\dhcpcsvc6.DLL
0x000007fef9d60000 - 0x000007fef9d78000 	C:\windows\system32\dhcpcsvc.DLL
0x000007fef7620000 - 0x000007fef762d000 	D:\Program Files\Android\Android Studio\jre\jre\bin\management.dll
0x000007fefd710000 - 0x000007fefd767000 	C:\windows\system32\apphelp.dll
0x000007fef2640000 - 0x000007fef2664000 	D:\Program Files\Android\Android Studio\jre\jre\bin\sunec.dll
0x000007fefca10000 - 0x000007fefca17000 	C:\windows\System32\wshtcpip.dll
0x000007fefceb0000 - 0x000007fefcf0b000 	C:\windows\system32\DNSAPI.dll
0x000007fef9840000 - 0x000007fef9848000 	C:\windows\system32\rasadhlp.dll
0x000007fef9d00000 - 0x000007fef9d53000 	C:\windows\System32\fwpuclnt.dll
0x000007fef2610000 - 0x000007fef261b000 	D:\Program Files\Android\Android Studio\jre\jre\bin\sunmscapi.dll
0x0000000024660000 - 0x00000000247cd000 	C:\windows\system32\CRYPT32.dll
0x000007fefd930000 - 0x000007fefd93f000 	C:\windows\system32\MSASN1.dll
0x000007fef1b10000 - 0x000007fef1c35000 	C:\windows\system32\dbghelp.dll

VM Arguments:
jvm_args: -Xmx1536m -Dfile.encoding=GBK -Duser.country=CN -Duser.language=zh -Duser.variant 
java_command: org.gradle.launcher.daemon.bootstrap.GradleDaemon 2.14.1
java_class_path (initial): D:\Program Files\Android\Android Studio\gradle\gradle-2.14.1\lib\gradle-launcher-2.14.1.jar
Launcher Type: SUN_STANDARD

Environment Variables:
PATH=C:\Program Files (x86)\Java\jdk1.8.0_131\bin;C:\ProgramData\Oracle\Java\javapath;C:\windows\system32;C:\windows;C:\windows\System32\Wbem;C:\windows\System32\WindowsPowerShell\v1.0\;C:\Program Files\TortoiseSVN\bin;C:\Program Files\Git\cmd;C:\Program Files\Git\bin;.;;.;
USERNAME=Administrator
OS=Windows_NT
PROCESSOR_IDENTIFIER=Intel64 Family 6 Model 60 Stepping 3, GenuineIntel



---------------  S Y S T E M  ---------------

OS: Windows 7 , 64 bit Build 7601 (6.1.7601.23807)

CPU:total 4 (4 cores per cpu, 1 threads per core) family 6 model 60 stepping 3, cmov, cx8, fxsr, mmx, sse, sse2, sse3, ssse3, sse4.1, sse4.2, popcnt, avx, avx2, aes, clmul, erms, lzcnt, tsc, tscinvbit, bmi1, bmi2

Memory: 4k page, physical 8264516k(4050284k free), swap 16527172k(9034008k free)

vm_info: OpenJDK 64-Bit Server VM (25.76-b03) for windows-amd64 JRE (1.8.0_76-release-b03), built on Jun 29 2016 19:09:20 by "ralucas" with MS VC++ 10.0 (VS2010)

time: Thu Aug 24 13:46:19 2017
elapsed time: 15128 seconds (0d 4h 12m 8s)

